<?xml version="1.0" encoding="UTF-8"?>
<testng-results skipped="0" failed="0" ignored="0" total="1" passed="1">
  <reporter-output>
  </reporter-output>
  <suite name="Default suite" duration-ms="22285" started-at="2021-04-24T05:41:03Z" finished-at="2021-04-24T05:41:25Z">
    <groups>
    </groups>
    <test name="Default test" duration-ms="22285" started-at="2021-04-24T05:41:03Z" finished-at="2021-04-24T05:41:25Z">
      <class name="comtest.Testng730">
        <test-method status="PASS" signature="beforeClass()[pri:0, instance:comtest.Testng730@28d25987]" name="beforeClass" is-config="true" duration-ms="19579" started-at="2021-04-24T11:11:03Z" finished-at="2021-04-24T11:11:22Z">
          <reporter-output>
          </reporter-output>
        </test-method> <!-- beforeClass -->
        <test-method status="PASS" signature="beforeMetod()[pri:0, instance:comtest.Testng730@28d25987]" name="beforeMetod" is-config="true" duration-ms="234" started-at="2021-04-24T11:11:22Z" finished-at="2021-04-24T11:11:22Z">
          <reporter-output>
          </reporter-output>
        </test-method> <!-- beforeMetod -->
        <test-method status="PASS" signature="test1()[pri:0, instance:comtest.Testng730@28d25987]" name="test1" duration-ms="1056" started-at="2021-04-24T11:11:22Z" finished-at="2021-04-24T11:11:23Z">
          <reporter-output>
          </reporter-output>
        </test-method> <!-- test1 -->
        <test-method status="PASS" signature="afterMethod()[pri:0, instance:comtest.Testng730@28d25987]" name="afterMethod" is-config="true" duration-ms="1" started-at="2021-04-24T11:11:23Z" finished-at="2021-04-24T11:11:23Z">
          <reporter-output>
          </reporter-output>
        </test-method> <!-- afterMethod -->
        <test-method status="PASS" signature="afterClass()[pri:0, instance:comtest.Testng730@28d25987]" name="afterClass" is-config="true" duration-ms="1375" started-at="2021-04-24T11:11:23Z" finished-at="2021-04-24T11:11:25Z">
          <reporter-output>
          </reporter-output>
        </test-method> <!-- afterClass -->
      </class> <!-- comtest.Testng730 -->
    </test> <!-- Default test -->
  </suite> <!-- Default suite -->
</testng-results>
